Warning: QXcbConnection: XCB error: 3 (BadWindow), sequence: 1072, resource id: 2097202, major code: 40 (TranslateCoords), minor code: 0
Info: Sandboxing disabled by user.
INFO: fire: Starting controller: python3 -u fire.py --start_delay=40 --mission_duration=300
INFO: spot: Starting controller: python3 -u spot.py
INFO: autonomous_mavic: Starting controller: python3 -u autonomous_mavic.py --target_altitude=42 "--patrol_coords=6 6, 14 8, 14 14, 8 14, 10 10" --detection_interval=0.5
INFO: autonomous_mavic: Starting controller: python3 -u autonomous_mavic.py --target_altitude=42 "--patrol_coords=6 24, 14 22, 14 16, 8 16, 10 20" --detection_interval=0.5
INFO: autonomous_mavic: Starting controller: python3 -u autonomous_mavic.py --target_altitude=42 "--patrol_coords=24 6, 16 8, 16 14, 24 14, 20 10" --detection_interval=0.5
INFO: autonomous_mavic: Starting controller: python3 -u autonomous_mavic.py --target_altitude=42 "--patrol_coords=24 24, 16 22, 16 16, 24 16, 20 20" --detection_interval=0.5
Forest ready with 27 sassafras trees.
Wildfire scheduled to start after 40.0 seconds.
Spot support active in stable posture. Press 'D' to throw water from Spot.
First target:  [24.0, 24.0]
First target:  [6.0, 24.0]
First target:  [6.0, 6.0]
First target:  [24.0, 6.0]
Target reached! New target:  [14.0, 22.0]
Starting wildfire in a forest of 27 sassafras trees at t=40.0s.
Target reached! New target:  [14.0, 8.0]
Target reached! New target:  [16.0, 22.0]
fire detected, coordinates (66.20587921142578, 47.382354736328125)
fire detected, coordinates (66.5, 44.5)
fire detected, coordinates (66.48148345947266, 47.074073791503906)
fire detected, coordinates (66.20587921142578, 49.735294342041016)
fire detected, coordinates (65.5, 53.5)
fire detected, coordinates (65.27777862548828, 57.94444274902344)
Water dropped on fire target: [14.0, 22.0] at position [13.569681381827875, 21.48406401245378]
Target reached! New target:  [14.0, 16.0]
Target reached! New target:  [16.0, 8.0]
Target reached! New target:  [16.0, 14.0]
Target reached! New target:  [16.0, 16.0]
Target reached! New target:  [14.0, 14.0]
fire detected, coordinates (61.0, 92.0)
Water dropped on fire target: [16.0, 14.0] at position [15.663448596362208, 8.691201101315276]
fire detected, coordinates (92.5, 92.5)
Water dropped on fire target: [14.0, 14.0] at position [14.064733605516553, 8.428742481517862]
Target reached! New target:  [8.0, 16.0]
Target reached! New target:  [24.0, 14.0]
Target reached! New target:  [24.0, 16.0]
Target reached! New target:  [8.0, 14.0]
fire detected, coordinates (76.0, 155.5)
fire detected, coordinates (145.0, 93.0)
fire detected, coordinates (146.40322875976562, 89.08064270019531)
fire detected, coordinates (69.4473648071289, 154.8157958984375)
fire detected, coordinates (147.0, 78.41666412353516)
fire detected, coordinates (123.5, 2.1666667461395264)
fire detected, coordinates (145.0, 64.0)
fire detected, coordinates (64.46154022216797, 155.92308044433594)
fire detected, coordinates (137.9166717529297, 47.72222137451172)
fire detected, coordinates (119.0, 1.5)
fire detected, coordinates (126.14102935791016, 23.756410598754883)
Target reached! New target:  [10.0, 20.0]
fire detected, coordinates (60.0, 153.0)
fire detected, coordinates (108.375, 12.4375)
fire detected, coordinates (87.62068939208984, 7.534482955932617)
fire detected, coordinates (56.22222137451172, 149.6666717529297)
fire detected, coordinates (69.22222137451172, 9.666666984558105)
fire detected, coordinates (57.57462692260742, 15.097015380859375)
fire detected, coordinates (52.772727966308594, 149.91818237304688)
fire detected, coordinates (50.67647171020508, 21.352941513061523)
fire detected, coordinates (47.76027297973633, 156.1027374267578)
fire detected, coordinates (47.85211181640625, 25.654930114746094)
fire detected, coordinates (38.28571319580078, 150.2857208251953)
fire detected, coordinates (51.975608825683594, 26.90243911743164)
fire detected, coordinates (26.69444465637207, 138.61111450195312)
fire detected, coordinates (59.26315689086914, 26.63157844543457)
fire detected, coordinates (17.796297073364258, 121.38888549804688)
fire detected, coordinates (66.9383544921875, 27.554794311523438)
fire detected, coordinates (13.642857551574707, 99.88095092773438)
fire detected, coordinates (71.0, 30.049999237060547)
fire detected, coordinates (16.5, 70.5)
fire detected, coordinates (116.5, 1.0)
fire detected, coordinates (73.63157653808594, 33.907894134521484)
fire detected, coordinates (26.399999618530273, 48.766666412353516)
fire detected, coordinates (74.79032135009766, 37.629032135009766)
fire detected, coordinates (42.5, 25.5)
fire detected, coordinates (112.5, 2.0)
fire detected, coordinates (75.59756469726562, 41.719512939453125)
fire detected, coordinates (61.97368240356445, 16.078947067260742)
fire detected, coordinates (75.5, 46.0)
fire detected, coordinates (80.04838562011719, 16.0053768157959)
fire detected, coordinates (95.5, 1.0)
fire detected, coordinates (75.40243530273438, 50.280487060546875)
fire detected, coordinates (91.92857360839844, 20.14285659790039)
fire detected, coordinates (75.005615234375, 54.61235809326172)
fire detected, coordinates (99.11111450195312, 25.844444274902344)
fire detected, coordinates (86.68181610107422, 2.5)
fire detected, coordinates (75.0, 59.0)
Water dropped on fire target: [24.0, 14.0] at position [17.565709989064434, 9.096760186931137]
fire detected, coordinates (103.0, 31.5)
fire detected, coordinates (104.92857360839844, 37.14285659790039)
fire detected, coordinates (85.64286041259766, 7.0714287757873535)
fire detected, coordinates (104.2741928100586, 41.30644989013672)
fire detected, coordinates (87.0, 1.0)
fire detected, coordinates (100.12963104248047, 43.092594146728516)
fire detected, coordinates (87.68181610107422, 2.5)
fire detected, coordinates (95.5, 44.5)
fire detected, coordinates (87.81034851074219, 5.568965435028076)
fire detected, coordinates (93.07894897460938, 47.97368240356445)
fire detected, coordinates (87.81034851074219, 8.568965911865234)
Target reached! New target:  [6.0, 24.0]
fire detected, coordinates (123.72222137451172, 39.83333206176758)
fire detected, coordinates (122.0, 34.0)
fire detected, coordinates (116.5, 30.0)
fire detected, coordinates (32.0, 128.5)
fire detected, coordinates (108.0, 25.5)
fire detected, coordinates (27.0, 141.0)
fire detected, coordinates (96.125, 22.625)
fire detected, coordinates (20.090909957885742, 133.52272033691406)
fire detected, coordinates (84.54545593261719, 23.227272033691406)
fire detected, coordinates (12.5, 119.5)
fire detected, coordinates (77.5, 26.0)
fire detected, coordinates (8.34000015258789, 100.63999938964844)
fire detected, coordinates (73.5, 29.0)
fire detected, coordinates (8.909090995788574, 70.21212005615234)
fire detected, coordinates (71.42982482910156, 33.061405181884766)
fire detected, coordinates (17.149999618530273, 47.400001525878906)
fire detected, coordinates (70.0, 37.5)
fire detected, coordinates (31.41044807434082, 20.425373077392578)
fire detected, coordinates (69.13999938964844, 41.7400016784668)
fire detected, coordinates (53.26315689086914, 7.6315789222717285)
fire detected, coordinates (69.0243911743164, 46.09756088256836)
fire detected, coordinates (76.56451416015625, 3.822580575942993)
fire detected, coordinates (68.59195709228516, 50.235633850097656)
fire detected, coordinates (96.69999694824219, 7.5)
fire detected, coordinates (69.0, 55.0)
fire detected, coordinates (108.9186019897461, 14.767441749572754)
fire detected, coordinates (69.07142639160156, 59.85714340209961)
fire detected, coordinates (113.95054626464844, 21.44505500793457)
Water dropped on fire target: [8.0, 14.0] at position [15.140885336004361, 12.817569192578134]
fire detected, coordinates (110.4375, 23.21875)
fire detected, coordinates (103.71186065673828, 22.720338821411133)
fire detected, coordinates (94.88613891601562, 23.905941009521484)
fire detected, coordinates (90.0999984741211, 26.5)
fire detected, coordinates (86.5, 30.5)
Target reached! New target:  [20.0, 10.0]
Target reached! New target:  [14.0, 22.0]
fire detected, coordinates (28.5, 72.5)
fire detected, coordinates (28.0, 72.0)
fire detected, coordinates (30.0, 65.0)
fire detected, coordinates (34.5, 54.5)
fire detected, coordinates (42.772727966308594, 36.1363639831543)
fire detected, coordinates (54.91666793823242, 27.33333396911621)
fire detected, coordinates (69.66666412353516, 22.91666603088379)
fire detected, coordinates (82.75640869140625, 23.85897445678711)
fire detected, coordinates (91.0, 27.0)
fire detected, coordinates (96.4375, 30.625)
fire detected, coordinates (99.66666412353516, 34.77777862548828)
fire detected, coordinates (101.5, 39.0)
fire detected, coordinates (101.4375, 43.375)
fire detected, coordinates (101.5, 46.5)
fire detected, coordinates (102.5, 50.5)
Target reached! New target:  [10.0, 10.0]
fire detected, coordinates (101.79824829101562, 54.342105865478516)
fire detected, coordinates (101.79412078857422, 57.735294342041016)
Water dropped on fire target: [20.0, 10.0] at position [24.36430549243799, 10.62328672109924]
Target reached! New target:  [20.0, 20.0]
fire detected, coordinates (157.5, 105.0)
fire detected, coordinates (158.0, 115.5)
fire detected, coordinates (158.0, 92.5)
fire detected, coordinates (158.0, 93.5)
fire detected, coordinates (68.5, 67.5)
Water dropped on fire target: [20.0, 10.0] at position [25.007355478952434, 9.884931215429178]
fire detected, coordinates (157.5, 77.0)
fire detected, coordinates (157.0, 66.5)
fire detected, coordinates (152.43023681640625, 51.872093200683594)
fire detected, coordinates (142.79824829101562, 28.342105865478516)
fire detected, coordinates (127.4375, 12.625)
fire detected, coordinates (107.3125, 3.0)
Target reached! New target:  [14.0, 16.0]
Target reached! New target:  [6.0, 6.0]
Target reached! New target:  [24.0, 6.0]
fire detected, coordinates (142.5, 68.5)
fire detected, coordinates (143.0, 70.5)
fire detected, coordinates (143.5, 62.5)
fire detected, coordinates (139.0, 63.5)
fire detected, coordinates (136.625, 52.25)
fire detected, coordinates (128.5, 32.5)
fire detected, coordinates (115.87036895751953, 20.907407760620117)
fire detected, coordinates (99.5, 14.5)
fire detected, coordinates (84.0, 14.0)
fire detected, coordinates (73.80769348144531, 17.403846740722656)
fire detected, coordinates (67.75926208496094, 22.129629135131836)
fire detected, coordinates (64.34615325927734, 27.19230842590332)
fire detected, coordinates (62.07777786254883, 32.38888931274414)
fire detected, coordinates (61.5, 38.0)
fire detected, coordinates (61.0, 44.0)
fire detected, coordinates (60.64285659790039, 49.5)
fire detected, coordinates (61.296207427978516, 56.035545349121094)
Water dropped on fire target: [14.0, 16.0] at position [11.660860189942106, 18.910147209636804]
Target reached! New target:  [24.0, 24.0]
Target reached! New target:  [14.0, 8.0]
fire detected, coordinates (82.0, 110.5)
Target reached! New target:  [16.0, 8.0]
fire detected, coordinates (79.41666412353516, 117.0)
fire detected, coordinates (78.0, 118.0)
fire detected, coordinates (77.21428680419922, 116.5)
fire detected, coordinates (76.10975646972656, 114.4756088256836)
fire detected, coordinates (76.2272720336914, 111.45454406738281)
fire detected, coordinates (75.66666412353516, 108.77777862548828)
fire detected, coordinates (75.71428680419922, 105.85713958740234)
fire detected, coordinates (75.4375, 102.71875)
Water dropped on fire target: [14.0, 8.0] at position [5.464849901243229, 6.997618624764668]
Target reached! New target:  [16.0, 22.0]
Target reached! New target:  [8.0, 16.0]
fire detected, coordinates (104.56451416015625, 84.66129302978516)
fire detected, coordinates (104.5, 89.0)
fire detected, coordinates (105.79412078857422, 87.61764526367188)
fire detected, coordinates (106.0, 83.5)
fire detected, coordinates (106.5, 77.5)
fire detected, coordinates (104.04545593261719, 70.86363983154297)
fire detected, coordinates (99.5, 64.5)
Water dropped on fire target: [16.0, 8.0] at position [19.22173791540223, 8.340629623101592]
Target reached! New target:  [14.0, 14.0]
Target reached! New target:  [10.0, 20.0]
Target reached! New target:  [16.0, 16.0]
INFO: fire: Terminating.
INFO: spot: Terminating.
INFO: autonomous_mavic: Terminating.
INFO: autonomous_mavic: Terminating.
INFO: autonomous_mavic: Terminating.
INFO: autonomous_mavic: Terminating.
