Info: Sandboxing disabled by user.
INFO: fire: Starting controller: python3 -u fire.py
INFO: spot: Starting controller: python3 -u spot.py
INFO: autonomous_mavic: Starting controller: python3 -u autonomous_mavic.py --target_altitude=45 "--patrol_coords=11 11, 21 11, 21 21, 11 21"
INFO: autonomous_mavic: Starting controller: python3 -u autonomous_mavic.py --target_altitude=43 "--patrol_coords=21 21, 11 21, 11 11, 21 11"
Starting wildfire in a forest of 27 sassafras trees.
You can throw water from Spot robot with your computer keyboard by pressing 'D'.
First target:  [21.0, 21.0]
First target:  [11.0, 11.0]
INFO: 'spot' controller exited successfully.
Target reached! New target:  [21.0, 11.0]
Target reached! New target:  [11.0, 21.0]
fire detected, coordinates (128.5, 0.0)
fire detected, coordinates (117.0, 1.5)
fire detected, coordinates (102.5, 8.5)
fire detected, coordinates (96.75, 19.75)
fire detected, coordinates (94.5952377319336, 32.404762268066406)
fire detected, coordinates (94.07691955566406, 45.07692337036133)
fire detected, coordinates (93.53763580322266, 58.225807189941406)
fire detected, coordinates (64.5, 46.79411697387695)
fire detected, coordinates (96.50828552246094, 70.86187744140625)
fire detected, coordinates (98.14974975585938, 83.17766571044922)
Water dropped on fire target: [11.0, 21.0] at position [12.499656471070061, 23.836628502740812]
Target reached! New target:  [21.0, 21.0]
fire detected, coordinates (138.5, 13.0)
fire detected, coordinates (58.245452880859375, 194.42727661132812)
fire detected, coordinates (133.0, 5.5)
fire detected, coordinates (110.16666412353516, 3.1666667461395264)
fire detected, coordinates (26.44444465637207, 173.11111450195312)
fire detected, coordinates (89.63966369628906, 9.164804458618164)
fire detected, coordinates (10.32758617401123, 170.01724243164062)
fire detected, coordinates (80.66666412353516, 18.44444465637207)
fire detected, coordinates (78.0, 29.5)
fire detected, coordinates (83.75, 37.25)
fire detected, coordinates (92.1551742553711, 45.60344696044922)
fire detected, coordinates (93.84722137451172, 54.69444274902344)
fire detected, coordinates (94.375, 64.375)
fire detected, coordinates (93.68833923339844, 74.17713165283203)
fire detected, coordinates (93.375, 84.375)
Water dropped on fire target: [11.0, 21.0] at position [7.4500547218162945, 17.650107887515766]
fire detected, coordinates (1.7142857313156128, 135.85714721679688)
fire detected, coordinates (1.5, 149.0)
fire detected, coordinates (89.5, 10.5)
fire detected, coordinates (86.0, 10.5)
fire detected, coordinates (93.0, 5.5)
fire detected, coordinates (88.0, 6.0)
fire detected, coordinates (91.5, 9.0)
fire detected, coordinates (91.21428680419922, 15.642857551574707)
fire detected, coordinates (90.77659606933594, 22.9255313873291)
fire detected, coordinates (2.0, 163.0)
fire detected, coordinates (90.13636016845703, 31.5)
fire detected, coordinates (89.21428680419922, 39.92856979370117)
fire detected, coordinates (88.875, 50.0)
fire detected, coordinates (88.0, 60.625)
fire detected, coordinates (87.69999694824219, 72.30000305175781)
fire detected, coordinates (87.46295928955078, 84.04629516601562)
Water dropped on fire target: [11.0, 21.0] at position [12.468371050888974, 18.447165352324674]
fire detected, coordinates (1.5, 171.5)
fire detected, coordinates (3.4010989665985107, 182.76373291015625)
Traceback (most recent call last):
  File "autonomous_mavic.py", line 324, in <module>
    robot.run()
  File "autonomous_mavic.py", line 290, in run
    self.img_coord_fire = self.fire_detection()
  File "autonomous_mavic.py", line 233, in fire_detection
    return coord_fire
UnboundLocalError: local variable 'coord_fire' referenced before assignment
WARNING: 'autonomous_mavic' controller exited with status: 1.
WARNING: fire: The process crashed some time after starting successfully.
WARNING: 'fire' controller crashed.
WARNING: autonomous_mavic: The process crashed some time after starting successfully.
WARNING: 'autonomous_mavic' controller crashed.
[1314:1314:0614/185956.751844:ERROR:network_service_instance_impl.cc(262)] Network service crashed, restarting service.
[1314:1314:0614/185956.788098:ERROR:zygote_communication_linux.cc(281)] Failed to send GetTerminationStatus message to zygote
Warning: QXcbConnection: XCB error: 3 (BadWindow), sequence: 50012, resource id: 2097322, major code: 40 (TranslateCoords), minor code: 0
Warning: QXcbConnection: XCB error: 3 (BadWindow), sequence: 50162, resource id: 2097324, major code: 40 (TranslateCoords), minor code: 0
